<?xml version="1.0" encoding="UTF-8"?>
<robot generator="Robot 7.4.1 (Python 3.14.2 on win32)" generated="2026-01-29T19:08:39.513737" rpa="false" schemaversion="5">
<suite id="s1" name="Preenchimento Correto" source="C:\Users\Gabriel Silva\Desktop\curso-robot\testes\preenchimento_correto.robot">
<test id="s1-t1" name="Verificar se ao preencher corretamente o formulário os dados são inseridos corretamente na lista e se um novo card é criado no time escolhido" line="7">
<kw name="Dado que eu acesse o Organo" owner="setup_teardown" type="SETUP">
<kw name="Open Browser" owner="SeleniumLibrary">
<msg time="2026-01-29T19:08:41.229257" level="INFO">Opening browser 'Chrome' to base url 'http://localhost:3000/'.</msg>
<arg>url=http://localhost:3000/</arg>
<arg>browser=Chrome</arg>
<doc>Opens a new browser instance to the optional ``url``.</doc>
<status status="PASS" start="2026-01-29T19:08:41.228388" elapsed="4.684961"/>
</kw>
<status status="PASS" start="2026-01-29T19:08:41.225758" elapsed="4.688917"/>
</kw>
<kw name="Dado que eu preencha os campos do formulário" owner="cadastro">
<kw name="FakerLibrary.First Name">
<msg time="2026-01-29T19:08:45.952376" level="FAIL">No keyword with name 'FakerLibrary.First Name' found.</msg>
<var>${Nome}</var>
<status status="FAIL" start="2026-01-29T19:08:45.952169" elapsed="0.001524">No keyword with name 'FakerLibrary.First Name' found.</status>
</kw>
<kw name="Input Text" owner="SeleniumLibrary">
<arg>${CAMPO_NOME}</arg>
<arg>${Nome}</arg>
<doc>Types the given ``text`` into the text field identified by ``locator``.</doc>
<status status="NOT RUN" start="2026-01-29T19:08:45.954865" elapsed="0.000128"/>
</kw>
<kw name="FakerLibrary.Job">
<var>${Cargo}</var>
<status status="NOT RUN" start="2026-01-29T19:08:45.955859" elapsed="0.000171"/>
</kw>
<kw name="Input Text" owner="SeleniumLibrary">
<arg>${CAMPO_CARGO}</arg>
<arg>${Cargo}</arg>
<doc>Types the given ``text`` into the text field identified by ``locator``.</doc>
<status status="NOT RUN" start="2026-01-29T19:08:45.956497" elapsed="0.000123"/>
</kw>
<kw name="FakerLibrary.Image Url">
<var>${Imagem}</var>
<status status="NOT RUN" start="2026-01-29T19:08:45.957200" elapsed="0.000109"/>
</kw>
<kw name="Input Text" owner="SeleniumLibrary">
<arg>${CAMPO_IMAGEM}</arg>
<arg>${Imagem}</arg>
<doc>Types the given ``text`` into the text field identified by ``locator``.</doc>
<status status="NOT RUN" start="2026-01-29T19:08:45.957678" elapsed="0.000125"/>
</kw>
<kw name="Click Element" owner="SeleniumLibrary">
<arg>${CAMPO_TIME}</arg>
<doc>Click the element identified by ``locator``.</doc>
<status status="NOT RUN" start="2026-01-29T19:08:45.958215" elapsed="0.000116"/>
</kw>
<kw name="Click Element" owner="SeleniumLibrary">
<arg>${selecionar_time}[0]</arg>
<doc>Click the element identified by ``locator``.</doc>
<status status="NOT RUN" start="2026-01-29T19:08:45.958713" elapsed="0.000122"/>
</kw>
<status status="FAIL" start="2026-01-29T19:08:45.942297" elapsed="0.017016">No keyword with name 'FakerLibrary.First Name' found.</status>
</kw>
<kw name="E clique no botão &quot;Criar Card&quot;" owner="cadastro">
<status status="NOT RUN" start="2026-01-29T19:08:46.014162" elapsed="0.000823"/>
</kw>
<kw name="Então identificar o card no time esperado" owner="cadastro">
<status status="NOT RUN" start="2026-01-29T19:08:46.093086" elapsed="0.000670"/>
</kw>
<kw name="Fechar o navegador" owner="setup_teardown" type="TEARDOWN">
<kw name="Close Browser" owner="SeleniumLibrary">
<doc>Closes the current browser.</doc>
<status status="PASS" start="2026-01-29T19:08:46.192648" elapsed="3.182369"/>
</kw>
<status status="PASS" start="2026-01-29T19:08:46.184092" elapsed="3.191748"/>
</kw>
<status status="FAIL" start="2026-01-29T19:08:41.223009" elapsed="8.154164">No keyword with name 'FakerLibrary.First Name' found.</status>
</test>
<test id="s1-t2" name="Verificar se é possivel criar mais de um card se preenchermos os campos corretamente" line="13">
<kw name="Dado que eu acesse o Organo" owner="setup_teardown" type="SETUP">
<kw name="Open Browser" owner="SeleniumLibrary">
<msg time="2026-01-29T19:08:49.395842" level="INFO">Opening browser 'Chrome' to base url 'http://localhost:3000/'.</msg>
<arg>url=http://localhost:3000/</arg>
<arg>browser=Chrome</arg>
<doc>Opens a new browser instance to the optional ``url``.</doc>
<status status="PASS" start="2026-01-29T19:08:49.394160" elapsed="4.018490"/>
</kw>
<status status="PASS" start="2026-01-29T19:08:49.391673" elapsed="4.021490"/>
</kw>
<kw name="Dado que eu preencha os campos do formulário" owner="cadastro">
<kw name="FakerLibrary.First Name">
<msg time="2026-01-29T19:08:53.553376" level="FAIL">No keyword with name 'FakerLibrary.First Name' found.</msg>
<var>${Nome}</var>
<status status="FAIL" start="2026-01-29T19:08:53.551681" elapsed="0.001930">No keyword with name 'FakerLibrary.First Name' found.</status>
</kw>
<kw name="Input Text" owner="SeleniumLibrary">
<arg>${CAMPO_NOME}</arg>
<arg>${Nome}</arg>
<doc>Types the given ``text`` into the text field identified by ``locator``.</doc>
<status status="NOT RUN" start="2026-01-29T19:08:53.556368" elapsed="0.000942"/>
</kw>
<kw name="FakerLibrary.Job">
<var>${Cargo}</var>
<status status="NOT RUN" start="2026-01-29T19:08:53.559313" elapsed="0.000200"/>
</kw>
<kw name="Input Text" owner="SeleniumLibrary">
<arg>${CAMPO_CARGO}</arg>
<arg>${Cargo}</arg>
<doc>Types the given ``text`` into the text field identified by ``locator``.</doc>
<status status="NOT RUN" start="2026-01-29T19:08:53.560996" elapsed="0.000287"/>
</kw>
<kw name="FakerLibrary.Image Url">
<var>${Imagem}</var>
<status status="NOT RUN" start="2026-01-29T19:08:53.561960" elapsed="0.000135"/>
</kw>
<kw name="Input Text" owner="SeleniumLibrary">
<arg>${CAMPO_IMAGEM}</arg>
<arg>${Imagem}</arg>
<doc>Types the given ``text`` into the text field identified by ``locator``.</doc>
<status status="NOT RUN" start="2026-01-29T19:08:53.562551" elapsed="0.000415"/>
</kw>
<kw name="Click Element" owner="SeleniumLibrary">
<arg>${CAMPO_TIME}</arg>
<doc>Click the element identified by ``locator``.</doc>
<status status="NOT RUN" start="2026-01-29T19:08:53.564787" elapsed="0.000299"/>
</kw>
<kw name="Click Element" owner="SeleniumLibrary">
<arg>${selecionar_time}[0]</arg>
<doc>Click the element identified by ``locator``.</doc>
<status status="NOT RUN" start="2026-01-29T19:08:53.565545" elapsed="0.000131"/>
</kw>
<status status="FAIL" start="2026-01-29T19:08:53.518392" elapsed="0.057361">No keyword with name 'FakerLibrary.First Name' found.</status>
</kw>
<kw name="E clique no botão &quot;Criar Card&quot;" owner="cadastro">
<status status="NOT RUN" start="2026-01-29T19:08:53.626224" elapsed="0.000203"/>
</kw>
<kw name="Então identificar 3 cards no time esperado" owner="cadastro">
<status status="NOT RUN" start="2026-01-29T19:08:53.660068" elapsed="0.000428"/>
</kw>
<kw name="Fechar o navegador" owner="setup_teardown" type="TEARDOWN">
<kw name="Close Browser" owner="SeleniumLibrary">
<doc>Closes the current browser.</doc>
<status status="PASS" start="2026-01-29T19:08:53.663195" elapsed="2.773559"/>
</kw>
<status status="PASS" start="2026-01-29T19:08:53.662160" elapsed="2.775417"/>
</kw>
<status status="FAIL" start="2026-01-29T19:08:49.383747" elapsed="7.054930">No keyword with name 'FakerLibrary.First Name' found.</status>
</test>
<test id="s1-t3" name="Verificar se é possível criar um card para cada time se preenchermos os campos corretamente" line="18">
<kw name="Dado que eu acesse o Organo" owner="setup_teardown" type="SETUP">
<kw name="Open Browser" owner="SeleniumLibrary">
<msg time="2026-01-29T19:08:56.447422" level="INFO">Opening browser 'Chrome' to base url 'http://localhost:3000/'.</msg>
<arg>url=http://localhost:3000/</arg>
<arg>browser=Chrome</arg>
<doc>Opens a new browser instance to the optional ``url``.</doc>
<status status="PASS" start="2026-01-29T19:08:56.446726" elapsed="5.615411"/>
</kw>
<status status="PASS" start="2026-01-29T19:08:56.445810" elapsed="5.616713"/>
</kw>
<kw name="Dado que eu preencha os campos do formulário" owner="cadastro">
<kw name="FakerLibrary.First Name">
<msg time="2026-01-29T19:09:02.083381" level="FAIL">No keyword with name 'FakerLibrary.First Name' found.</msg>
<var>${Nome}</var>
<status status="FAIL" start="2026-01-29T19:09:02.083195" elapsed="0.000586">No keyword with name 'FakerLibrary.First Name' found.</status>
</kw>
<kw name="Input Text" owner="SeleniumLibrary">
<arg>${CAMPO_NOME}</arg>
<arg>${Nome}</arg>
<doc>Types the given ``text`` into the text field identified by ``locator``.</doc>
<status status="NOT RUN" start="2026-01-29T19:09:02.087016" elapsed="0.000168"/>
</kw>
<kw name="FakerLibrary.Job">
<var>${Cargo}</var>
<status status="NOT RUN" start="2026-01-29T19:09:02.087938" elapsed="0.000131"/>
</kw>
<kw name="Input Text" owner="SeleniumLibrary">
<arg>${CAMPO_CARGO}</arg>
<arg>${Cargo}</arg>
<doc>Types the given ``text`` into the text field identified by ``locator``.</doc>
<status status="NOT RUN" start="2026-01-29T19:09:02.088435" elapsed="0.000086"/>
</kw>
<kw name="FakerLibrary.Image Url">
<var>${Imagem}</var>
<status status="NOT RUN" start="2026-01-29T19:09:02.088979" elapsed="0.000096"/>
</kw>
<kw name="Input Text" owner="SeleniumLibrary">
<arg>${CAMPO_IMAGEM}</arg>
<arg>${Imagem}</arg>
<doc>Types the given ``text`` into the text field identified by ``locator``.</doc>
<status status="NOT RUN" start="2026-01-29T19:09:02.089414" elapsed="0.000082"/>
</kw>
<kw name="Click Element" owner="SeleniumLibrary">
<arg>${CAMPO_TIME}</arg>
<doc>Click the element identified by ``locator``.</doc>
<status status="NOT RUN" start="2026-01-29T19:09:02.089942" elapsed="0.000181"/>
</kw>
<kw name="Click Element" owner="SeleniumLibrary">
<arg>${selecionar_time}[0]</arg>
<doc>Click the element identified by ``locator``.</doc>
<status status="NOT RUN" start="2026-01-29T19:09:02.090640" elapsed="0.000145"/>
</kw>
<status status="FAIL" start="2026-01-29T19:09:02.063969" elapsed="0.027601">No keyword with name 'FakerLibrary.First Name' found.</status>
</kw>
<kw name="Então criar card e identificar 1 card em cada time disponível" owner="cadastro">
<status status="NOT RUN" start="2026-01-29T19:09:02.097651" elapsed="0.000143"/>
</kw>
<kw name="Fechar o navegador" owner="setup_teardown" type="TEARDOWN">
<kw name="Close Browser" owner="SeleniumLibrary">
<doc>Closes the current browser.</doc>
<status status="PASS" start="2026-01-29T19:09:02.100362" elapsed="2.903995"/>
</kw>
<status status="PASS" start="2026-01-29T19:09:02.099277" elapsed="2.905749"/>
</kw>
<status status="FAIL" start="2026-01-29T19:08:56.443825" elapsed="8.562285">No keyword with name 'FakerLibrary.First Name' found.</status>
</test>
<status status="FAIL" start="2026-01-29T19:08:39.517100" elapsed="25.497492"/>
</suite>
<statistics>
<total>
<stat pass="0" fail="3" skip="0">All Tests</stat>
</total>
<tag>
</tag>
<suite>
<stat name="Preenchimento Correto" id="s1" pass="0" fail="3" skip="0">Preenchimento Correto</stat>
</suite>
</statistics>
<errors>
<msg time="2026-01-29T19:08:41.207747" level="ERROR">Error in file 'C:\Users\Gabriel Silva\Desktop\curso-robot\resources\main.robot' on line 3: Getting keyword names from library 'FakerLibrary' failed: Initializing library 'FakerLibrary' with arguments [ locale=pt=BR ] failed: AttributeError: Invalid configuration for faker locale `pt=BR`
Traceback (most recent call last):
  File "C:\Users\Gabriel Silva\AppData\Local\Programs\Python\Python314\Lib\site-packages\FakerLibrary\keywords.py", line 42, in __init__
    self._fake = faker.factory.Factory.create(locale, providers)
                 ~~~~~~~~~~~~~~~~~~~~~~~~~~~~^^^^^^^^^^^^^^^^^^^
  File "C:\Users\Gabriel Silva\AppData\Local\Programs\Python\Python314\Lib\site-packages\faker\factory.py", line 44, in create
    raise AttributeError(msg)
AttributeError: Invalid configuration for faker locale `pt=BR`</msg>
</errors>
</robot>
